<?xml version="1.0" encoding="utf-8"?><testsuites name="pytest tests"><testsuite name="pytest" errors="0" failures="0" skipped="0" tests="35" time="151.211" timestamp="2026-05-09T19:21:32.742097+00:00" hostname="agent-env-243a6dfd-aa5a-4935-95f4-2b9b1d9e1c51"><testcase classname="backend.tests.backend_test.TestHealth" name="test_root" time="0.271" /><testcase classname="backend.tests.backend_test.TestAuth" name="test_register_success" time="0.298" /><testcase classname="backend.tests.backend_test.TestAuth" name="test_register_duplicate" time="0.321" /><testcase classname="backend.tests.backend_test.TestAuth" name="test_register_short_password" time="0.048" /><testcase classname="backend.tests.backend_test.TestAuth" name="test_login_success" time="0.273" /><testcase classname="backend.tests.backend_test.TestAuth" name="test_login_wrong_password" time="0.268" /><testcase classname="backend.tests.backend_test.TestAuth" name="test_me_with_token" time="0.049" /><testcase classname="backend.tests.backend_test.TestAuth" name="test_me_without_token" time="0.044" /><testcase classname="backend.tests.backend_test.TestAuth" name="test_me_with_invalid_token" time="0.045" /><testcase classname="backend.tests.backend_test.TestSports" name="test_list_sports" time="0.044" /><testcase classname="backend.tests.backend_test.TestSessions" name="test_create_session_runs_form_analysis" time="0.092" /><testcase classname="backend.tests.backend_test.TestSessions" name="test_create_session_invalid_sport" time="0.045" /><testcase classname="backend.tests.backend_test.TestSessions" name="test_create_session_unauthenticated" time="0.047" /><testcase classname="backend.tests.backend_test.TestSessions" name="test_get_session_by_id" time="0.047" /><testcase classname="backend.tests.backend_test.TestSessions" name="test_list_sessions_sorted_desc" time="0.045" /><testcase classname="backend.tests.backend_test.TestSessionIsolation" name="test_user_b_cannot_get_user_a_session" time="0.316" /><testcase classname="backend.tests.backend_test.TestSessionIsolation" name="test_user_b_sessions_list_empty" time="0.050" /><testcase classname="backend.tests.backend_test.TestTrainingPlan" name="test_generate_plan" time="43.963" /><testcase classname="backend.tests.backend_test.TestTrainingPlan" name="test_plan_for_other_user_session_404" time="0.049" /><testcase classname="backend.tests.backend_test.TestTrainingPlan" name="test_list_training_plans" time="0.048" /><testcase classname="backend.tests.backend_test.TestTrainingPlan" name="test_user_b_training_plans_empty" time="0.048" /><testcase classname="backend.tests.backend_test.TestDashboard" name="test_stats_for_user_a" time="0.055" /><testcase classname="backend.tests.backend_test.TestDashboard" name="test_stats_for_empty_user" time="0.049" /><testcase classname="backend.tests.backend_test.TestGoals" name="test_create_and_list_goal" time="0.103" /><testcase classname="backend.tests.backend_test.TestGoals" name="test_update_goal_progress_and_completion" time="0.506" /><testcase classname="backend.tests.backend_test.TestGoals" name="test_update_goal_empty_payload" time="0.097" /><testcase classname="backend.tests.backend_test.TestGoals" name="test_update_nonexistent_goal" time="0.048" /><testcase classname="backend.tests.backend_test.TestGoals" name="test_user_b_cannot_update_user_a_goal" time="0.100" /><testcase classname="backend.tests.backend_test.TestGoals" name="test_user_b_goals_list_empty" time="0.049" /><testcase classname="backend.tests.backend_test.TestShotOutcomes" name="test_session_persists_shot_outcomes_at_top_level" time="13.565" /><testcase classname="backend.tests.backend_test.TestShotOutcomes" name="test_get_session_returns_shot_outcomes" time="0.151" /><testcase classname="backend.tests.backend_test.TestShotOutcomes" name="test_analysis_references_makes_attempts" time="0.000" /><testcase classname="backend.tests.backend_test.TestShotOutcomes" name="test_training_plan_references_outcomes" time="54.417" /><testcase classname="backend.tests.backend_test.TestShotOutcomes" name="test_basketball_without_shot_outcomes_still_works" time="15.880" /><testcase classname="backend.tests.backend_test.TestShotOutcomes" name="test_soccer_session_unaffected" time="19.554" /></testsuite></testsuites>