<?xml version="1.0" encoding="utf-8"?><testsuites name="pytest tests"><testsuite name="pytest" errors="0" failures="0" skipped="0" tests="29" time="72.024" timestamp="2026-05-07T11:50:21.947265+00:00" hostname="agent-env-243a6dfd-aa5a-4935-95f4-2b9b1d9e1c51"><testcase classname="backend.tests.backend_test.TestHealth" name="test_root" time="0.210" /><testcase classname="backend.tests.backend_test.TestAuth" name="test_register_success" time="0.299" /><testcase classname="backend.tests.backend_test.TestAuth" name="test_register_duplicate" time="0.362" /><testcase classname="backend.tests.backend_test.TestAuth" name="test_register_short_password" time="0.068" /><testcase classname="backend.tests.backend_test.TestAuth" name="test_login_success" time="0.291" /><testcase classname="backend.tests.backend_test.TestAuth" name="test_login_wrong_password" time="0.295" /><testcase classname="backend.tests.backend_test.TestAuth" name="test_me_with_token" time="0.070" /><testcase classname="backend.tests.backend_test.TestAuth" name="test_me_without_token" time="0.068" /><testcase classname="backend.tests.backend_test.TestAuth" name="test_me_with_invalid_token" time="0.067" /><testcase classname="backend.tests.backend_test.TestSports" name="test_list_sports" time="0.070" /><testcase classname="backend.tests.backend_test.TestSessions" name="test_create_session_runs_form_analysis" time="11.106" /><testcase classname="backend.tests.backend_test.TestSessions" name="test_create_session_invalid_sport" time="0.072" /><testcase classname="backend.tests.backend_test.TestSessions" name="test_create_session_unauthenticated" time="0.069" /><testcase classname="backend.tests.backend_test.TestSessions" name="test_get_session_by_id" time="0.073" /><testcase classname="backend.tests.backend_test.TestSessions" name="test_list_sessions_sorted_desc" time="0.070" /><testcase classname="backend.tests.backend_test.TestSessionIsolation" name="test_user_b_cannot_get_user_a_session" time="0.363" /><testcase classname="backend.tests.backend_test.TestSessionIsolation" name="test_user_b_sessions_list_empty" time="0.069" /><testcase classname="backend.tests.backend_test.TestTrainingPlan" name="test_generate_plan" time="56.754" /><testcase classname="backend.tests.backend_test.TestTrainingPlan" name="test_plan_for_other_user_session_404" time="0.072" /><testcase classname="backend.tests.backend_test.TestTrainingPlan" name="test_list_training_plans" time="0.074" /><testcase classname="backend.tests.backend_test.TestTrainingPlan" name="test_user_b_training_plans_empty" time="0.069" /><testcase classname="backend.tests.backend_test.TestDashboard" name="test_stats_for_user_a" time="0.075" /><testcase classname="backend.tests.backend_test.TestDashboard" name="test_stats_for_empty_user" time="0.073" /><testcase classname="backend.tests.backend_test.TestGoals" name="test_create_and_list_goal" time="0.141" /><testcase classname="backend.tests.backend_test.TestGoals" name="test_update_goal_progress_and_completion" time="0.591" /><testcase classname="backend.tests.backend_test.TestGoals" name="test_update_goal_empty_payload" time="0.140" /><testcase classname="backend.tests.backend_test.TestGoals" name="test_update_nonexistent_goal" time="0.078" /><testcase classname="backend.tests.backend_test.TestGoals" name="test_user_b_cannot_update_user_a_goal" time="0.143" /><testcase classname="backend.tests.backend_test.TestGoals" name="test_user_b_goals_list_empty" time="0.080" /></testsuite></testsuites>