<?xml version="1.0" encoding="utf-8"?><testsuites name="pytest tests"><testsuite name="pytest" errors="0" failures="0" skipped="0" tests="16" time="49.605" timestamp="2026-05-11T23:06:54.785777+00:00" hostname="agent-env-243a6dfd-aa5a-4935-95f4-2b9b1d9e1c51"><testcase classname="backend.tests.test_videos.TestVideoUpload" name="test_upload_raw_video" time="18.357" /><testcase classname="backend.tests.test_videos.TestVideoUpload" name="test_upload_overlay_video" time="0.397" /><testcase classname="backend.tests.test_videos.TestVideoUpload" name="test_invalid_variant_rejected" time="0.118" /><testcase classname="backend.tests.test_videos.TestVideoUpload" name="test_empty_file_rejected" time="0.105" /><testcase classname="backend.tests.test_videos.TestVideoUpload" name="test_invalid_mime_rejected" time="0.138" /><testcase classname="backend.tests.test_videos.TestVideoUpload" name="test_upload_unauthenticated" time="0.139" /><testcase classname="backend.tests.test_videos.TestVideoUpload" name="test_upload_unknown_session_404" time="0.144" /><testcase classname="backend.tests.test_videos.TestVideoListAndStream" name="test_list_returns_both_variants" time="0.067" /><testcase classname="backend.tests.test_videos.TestVideoListAndStream" name="test_stream_with_bearer" time="0.169" /><testcase classname="backend.tests.test_videos.TestVideoListAndStream" name="test_stream_with_query_auth_fallback" time="0.260" /><testcase classname="backend.tests.test_videos.TestVideoListAndStream" name="test_stream_unauthenticated_blocked" time="0.114" /><testcase classname="backend.tests.test_videos.TestVideoIdempotency" name="test_reupload_soft_deletes_prior" time="0.416" /><testcase classname="backend.tests.test_videos.TestReanalyze" name="test_reanalyze_updates_session" time="14.024" /><testcase classname="backend.tests.test_videos.TestReanalyze" name="test_reanalyze_unknown_session_404" time="0.057" /><testcase classname="backend.tests.test_videos.TestVideoDelete" name="test_delete_then_404" time="0.163" /><testcase classname="backend.tests.test_videos.TestSessionDeleteCascade" name="test_deleting_session_soft_deletes_videos" time="14.836" /></testsuite></testsuites>